[debug] [2021-01-14T15:17:08.786Z] ----------------------------------------------------------------------
[debug] [2021-01-14T15:17:08.789Z] Command:       C:\Program Files\nodejs\node.exe C:\Users\rupes\AppData\Roaming\npm\node_modules\firebase-tools\lib\bin\firebase.js login
[debug] [2021-01-14T15:17:08.789Z] CLI Version:   9.2.0
[debug] [2021-01-14T15:17:08.789Z] Platform:      win32
[debug] [2021-01-14T15:17:08.789Z] Node Version:  v14.15.0
[debug] [2021-01-14T15:17:08.790Z] Time:          Thu Jan 14 2021 20:47:08 GMT+0530 (India Standard Time)
[debug] [2021-01-14T15:17:08.790Z] ----------------------------------------------------------------------
[debug] [2021-01-14T15:17:08.790Z] 
[debug] [2021-01-14T15:17:08.792Z] >>> [apiv2][query] GET https://firebase-public.firebaseio.com/cli.json [none]
[info] i  Firebase optionally collects CLI usage and error reporting information to help improve our products. Data is collected in accordance with Google's privacy policy (https://policies.google.com/privacy) and is not used to identify you.
 
[debug] [2021-01-14T15:17:10.259Z] <<< [apiv2][status] GET https://firebase-public.firebaseio.com/cli.json 200
[debug] [2021-01-14T15:17:10.260Z] <<< [apiv2][body] GET https://firebase-public.firebaseio.com/cli.json {"cloudBuildErrorAfter":1594252800000,"cloudBuildWarnAfter":1590019200000,"defaultNode10After":1594252800000,"minVersion":"3.0.5","node8DeploysDisabledAfter":1613390400000,"node8RuntimeDisabledAfter":1615809600000,"node8WarnAfter":1600128000000}
[info] i  To change your data collection preference at any time, run `firebase logout` and log in again. 
[info] 
[info] Visit this URL on this device to log in:
[info] https://accounts.google.com/o/oauth2/auth?client_id=563584335869-fgrhgmd47bqnekij5i8b5pr03ho849e6.apps.googleusercontent.com&scope=email%20openid%20https%3A%2F%2Fwww.googleapis.com%2Fauth%2Fcloudplatformprojects.readonly%20https%3A%2F%2Fwww.googleapis.com%2Fauth%2Ffirebase%20https%3A%2F%2Fwww.googleapis.com%2Fauth%2Fcloud-platform&response_type=code&state=558743756&redirect_uri=http%3A%2F%2Flocalhost%3A9005
[info] 
[info] Waiting for authentication...
[debug] [2021-01-14T15:17:12.456Z] Error: spawn cmd ENOENT
    at Process.ChildProcess._handle.onexit (internal/child_process.js:269:19)
    at onErrorNT (internal/child_process.js:465:16)
    at processTicksAndRejections (internal/process/task_queues.js:80:21)
[error] 
[error] Error: An unexpected error has occurred.
[debug] [2021-01-14T15:19:49.787Z] ----------------------------------------------------------------------
[debug] [2021-01-14T15:19:49.792Z] Command:       C:\Program Files\nodejs\node.exe C:\Users\rupes\AppData\Roaming\npm\node_modules\firebase-tools\lib\bin\firebase.js login
[debug] [2021-01-14T15:19:49.793Z] CLI Version:   9.2.0
[debug] [2021-01-14T15:19:49.793Z] Platform:      win32
[debug] [2021-01-14T15:19:49.793Z] Node Version:  v14.15.0
[debug] [2021-01-14T15:19:49.794Z] Time:          Thu Jan 14 2021 20:49:49 GMT+0530 (India Standard Time)
[debug] [2021-01-14T15:19:49.795Z] ----------------------------------------------------------------------
[debug] [2021-01-14T15:19:49.795Z] 
[info] i  Firebase optionally collects CLI usage and error reporting information to help improve our products. Data is collected in accordance with Google's privacy policy (https://policies.google.com/privacy) and is not used to identify you.
 
[info] i  To change your data collection preference at any time, run `firebase logout` and log in again. 
[info] 
[info] Visit this URL on this device to log in:
[info] https://accounts.google.com/o/oauth2/auth?client_id=563584335869-fgrhgmd47bqnekij5i8b5pr03ho849e6.apps.googleusercontent.com&scope=email%20openid%20https%3A%2F%2Fwww.googleapis.com%2Fauth%2Fcloudplatformprojects.readonly%20https%3A%2F%2Fwww.googleapis.com%2Fauth%2Ffirebase%20https%3A%2F%2Fwww.googleapis.com%2Fauth%2Fcloud-platform&response_type=code&state=626557408&redirect_uri=http%3A%2F%2Flocalhost%3A9005
[info] 
[info] Waiting for authentication...
[debug] [2021-01-14T15:19:52.157Z] Error: spawn cmd ENOENT
    at Process.ChildProcess._handle.onexit (internal/child_process.js:269:19)
    at onErrorNT (internal/child_process.js:465:16)
    at processTicksAndRejections (internal/process/task_queues.js:80:21)
[error] 
[error] Error: An unexpected error has occurred.
